
> admin@0.1.0 build
> next build

info  - Loaded env from C:\Users\Tim\Desktop\Projekte\Repositories\ship-with-env-and-docker\apps\admin\.env
info  - Linting and checking validity of types...
error - ESLint: Cannot read config file: C:\Users\Tim\Desktop\Projekte\Repositories\ship-with-env-and-docker\.eslintrc.js Error: require() of ES Module C:\Users\Tim\Desktop\Projekte\Repositories\ship-with-env-and-docker\.eslintrc.js from C:\Users\Tim\Desktop\Projekte\Repositories\ship-with-env-and-docker\node_modules\@eslint\eslintrc\dist\eslintrc.cjs not supported. .eslintrc.js is treated as an ES module file as it is a .js file whose nearest parent package.json contains "type": "module" which declares all .js files in that package scope as ES modules. Instead rename .eslintrc.js to end in .cjs, change the requiring code to use dynamic import() which is available in all CommonJS modules, or change "type": "module" to "type": "commonjs" in C:\Users\Tim\Desktop\Projekte\Repositories\ship-with-env-and-docker\package.json to treat all .js files as CommonJS (using .mjs for all ES modules instead). 
info  - Creating an optimized production build...
info  - Compiled successfully
info  - Collecting page data...
info  - Generating static pages (0/3)
info  - Generating static pages (3/3)
info  - Finalizing page optimization...

Route (pages)                              Size     First Load JS
┌ ○ /                                      4.36 kB        77.4 kB
├   └ css/149b18973e5508c7.css             655 B
├   /_app                                  0 B            73.1 kB
├ ○ /404                                   181 B          73.3 kB
└ λ /api/hello                             0 B            73.1 kB
+ First Load JS shared by all              73.3 kB
  ├ chunks/framework-243845dae5bb80aa.js   45.2 kB
  ├ chunks/main-9661fe22a3744d55.js        26.8 kB
  ├ chunks/pages/_app-4ba430cd987c8608.js  286 B
  ├ chunks/webpack-8fa1640cc84ba8fe.js     750 B
  └ css/27d177a30947857b.css               194 B

λ  (Server)  server-side renders at runtime (uses getInitialProps or getServerSideProps)
○  (Static)  automatically rendered as static HTML (uses no initial props)

